[2021-09-07 14:41:45]
back[2021-09-07 14:50:25]WHERE 管理記号='n' 
back[2021-09-07 15:03:21]WHERE 管理記号='n' 
WHERE 管理記号='n' [2021-09-07 15:06:38]WHERE 管理記号='n' 
WHERE 管理記号='n' /n[2021-09-07 15:07:51]WHERE 管理記号='d' 
WHERE 管理記号='d' 
[2021-09-07 15:08:26]WHERE 管理記号='m' 
WHERE 管理記号='m' 
[2021-09-07 15:36:50]WHERE 管理記号='r' 
WHERE 管理記号='r' 
[2021-09-07 15:38:07]WHERE 管理記号='r' 
SELECT 管理記号,管理数字,管理補助記号,管理補助数字,製造番号,全名称,所番地分類1,所番地分類2,所番地1,所番地2,最小値,最大値,目量,サイズ,通り側,止まり側,登録年月日,備考1,型式,所番地3,所番地分類3,所番地分類4,最新校正日,次回校正日,マスタID,検査周期,型式番号,型式コード,器物分類コード,寸法２,使用区分コード,使用区分,桁,器物分類名,isize,レベル,置き場1,置き場2,品番 FROM iマスター WHERE 管理記号='r'  order by ;
[2021-09-08 11:27:08]
SELECT 管理記号,管理数字,管理補助記号,管理補助数字,製造番号,全名称,所番地分類1,所番地分類2,所番地1,所番地2,最小値,最大値,目量,サイズ,通り側,止まり側,登録年月日,備考1,型式,所番地3,所番地分類3,所番地分類4,最新校正日,次回校正日,マスタID,検査周期,型式番号,型式コード,器物分類コード,寸法２,使用区分コード,使用区分,桁,器物分類名,isize,レベル,置き場1,置き場2,品番 FROM iマスター  order by ;
[2021-09-08 11:35:08]
SELECT 管理記号,管理数字,管理補助記号,管理補助数字,製造番号,全名称,所番地分類1,所番地分類2,所番地1,所番地2,最小値,最大値,目量,サイズ,通り側,止まり側,登録年月日,備考1,型式,所番地3,所番地分類3,所番地分類4,最新校正日,次回校正日,マスタID,検査周期,型式番号,型式コード,器物分類コード,寸法２,使用区分コード,使用区分,桁,器物分類名,isize,レベル,置き場1,置き場2,品番 FROM iマスター  order by ;
[2021-09-08 11:38:22]
SELECT 管理記号,管理数字,管理補助記号,管理補助数字,製造番号,全名称,所番地分類1,所番地分類2,所番地1,所番地2,最小値,最大値,目量,サイズ,通り側,止まり側,登録年月日,備考1,型式,所番地3,所番地分類3,所番地分類4,最新校正日,次回校正日,マスタID,検査周期,型式番号,型式コード,器物分類コード,寸法２,使用区分コード,使用区分,桁,器物分類名,isize,レベル,置き場1,置き場2,品番 FROM iマスター  order by ;
[2021-09-08 11:38:41]
SELECT 管理記号,管理数字,管理補助記号,管理補助数字,製造番号,全名称,所番地分類1,所番地分類2,所番地1,所番地2,最小値,最大値,目量,サイズ,通り側,止まり側,登録年月日,備考1,型式,所番地3,所番地分類3,所番地分類4,最新校正日,次回校正日,マスタID,検査周期,型式番号,型式コード,器物分類コード,寸法２,使用区分コード,使用区分,桁,器物分類名,isize,レベル,置き場1,置き場2,品番 FROM iマスター  order by ;
[2021-09-08 13:15:16]
SELECT 管理記号,管理数字,管理補助記号,管理補助数字,製造番号,全名称,所番地分類1,所番地分類2,所番地1,所番地2,最小値,最大値,目量,サイズ,通り側,止まり側,登録年月日,備考1,型式,所番地3,所番地分類3,所番地分類4,最新校正日,次回校正日,マスタID,検査周期,型式番号,型式コード,器物分類コード,寸法２,使用区分コード,使用区分,桁,器物分類名,isize,レベル,置き場1,置き場2,品番 FROM iマスター  order by ;
[2021-09-08 13:16:45]
SELECT 管理記号,管理数字,管理補助記号,管理補助数字,製造番号,全名称,所番地分類1,所番地分類2,所番地1,所番地2,最小値,最大値,目量,サイズ,通り側,止まり側,登録年月日,備考1,型式,所番地3,所番地分類3,所番地分類4,最新校正日,次回校正日,マスタID,検査周期,型式番号,型式コード,器物分類コード,寸法２,使用区分コード,使用区分,桁,器物分類名,isize,レベル,置き場1,置き場2,品番 FROM iマスター  order by ;
[2021-09-08 13:17:57]

[2021-09-08 13:25:11]

[2021-09-08 13:25:58]

[2021-09-08 13:26:45]

[2021-09-08 13:27:18]

[2021-09-08 13:38:07]

[2021-09-08 13:38:27]

[2021-09-08 14:07:36]

[2021-09-08 14:08:45]

[2021-09-08 14:30:00]

[2021-09-08 14:30:20]

[2021-09-08 14:32:32]

[2021-09-08 14:33:04]

[2021-09-08 14:33:49]

[2021-09-08 14:34:58]

[2021-09-08 14:35:49]

[2021-09-08 14:42:05]

[2021-09-08 14:54:59]

[2021-09-08 14:56:23]

[2021-09-08 15:17:12]
管理記号,管理数字,管理補助記号,管理補助数字
[2021-09-08 15:18:15]
SELECT 管理記号,管理数字,管理補助記号,管理補助数字,製造番号,全名称,所番地分類1,所番地分類2,所番地1,所番地2,最小値,最大値,目量,サイズ,通り側,止まり側,登録年月日,備考1,型式,所番地3,所番地分類3,所番地分類4,最新校正日,次回校正日,マスタID,検査周期,型式番号,型式コード,器物分類コード,寸法２,使用区分コード,使用区分,桁,器物分類名,isize,レベル,置き場1,置き場2,品番 FROM iマスター  order by 管理記号,管理数字,管理補助記号,管理補助数字;
[2021-09-08 15:21:49]
SELECT 管理記号,管理数字,管理補助記号,管理補助数字,製造番号,全名称,所番地分類1,所番地分類2,所番地1,所番地2,最小値,最大値,目量,サイズ,通り側,止まり側,登録年月日,備考1,型式,所番地3,所番地分類3,所番地分類4,最新校正日,次回校正日,マスタID,検査周期,型式番号,型式コード,器物分類コード,寸法２,使用区分コード,使用区分,桁,器物分類名,isize,レベル,置き場1,置き場2,品番 FROM tb_imaster  order by 管理記号,管理数字,管理補助記号,管理補助数字;
[2021-09-08 15:28:51]
SELECT * FROM tb_imaster  order by M_ID1,M_ID2,M_ID3,M_ID4;
[2021-09-08 12:56:06]
SELECT * FROM tb_imaster  order by M_ID1,M_ID2,M_ID3,M_ID4;
[2021-09-08 13:05:06]
SELECT * FROM tb_imaster  order by M_ID1,M_ID2,M_ID3,M_ID4;SELECT * FROM tb_imaster  order by M_ID1,M_ID2,M_ID3,M_ID4;SELECT * FROM tb_imaster  order by M_ID1,M_ID2,M_ID3,M_ID4;
[2021-09-08 21:26:22]
SELECT * FROM tb_imaster  order by M_ID1,M_ID2,M_ID3,M_ID4;SELECT * FROM tb_imaster  order by M_ID1,M_ID2,M_ID3,M_ID4;
[2021-09-09 10:43:21]
SELECT * FROM tb_imaster  order by M_ID1,M_ID2,M_ID3,M_ID4;
[2021-09-09 12:22:15]
SELECT * FROM tb_imaster  order by M_ID1,M_ID2,M_ID3,M_ID4;
[2021-09-09 12:24:10]
SELECT * FROM tb_imaster  order by M_ID1,M_ID2,M_ID3,M_ID4;
[2021-09-09 13:09:13]
SELECT * FROM tb_imaster  order by M_ID1,M_ID2,M_ID3,M_ID4;
[2021-09-09 13:12:14]
SELECT * FROM tb_imaster  order by M_ID1,M_ID2,M_ID3,M_ID4;
[2021-09-09 13:13:00]
SELECT * FROM tb_imaster  order by M_ID1,M_ID2,M_ID3,M_ID4;SELECT * FROM tb_imaster  order by M_ID1,M_ID2,M_ID3,M_ID4;
[2021-09-09 13:58:41]
SELECT * FROM tb_imaster  order by M_ID1,M_ID2,M_ID3,M_ID4;
[2021-09-09 15:15:49]
SELECT * FROM tb_imaster  order by M_ID1,M_ID2,M_ID3,M_ID4;
[2021-09-09 15:25:53]
SELECT * FROM tb_imaster  order by M_ID1,M_ID2,M_ID3,M_ID4;
[2021-09-09 15:45:59]
SELECT * FROM tb_imaster  order by M_ID1,M_ID2,M_ID3,M_ID4;SELECT * FROM tb_imaster page=1&pagesize=10&pl_start=0&order=M_ID1,M_ID2,M_ID3,M_ID4 order by M_ID1,M_ID2,M_ID3,M_ID4;